<?xml version="1.0" encoding="UTF-8"?>
<testsuite name="ReverseStringTest" tests="6" skipped="0" failures="0" errors="0" timestamp="2024-02-29T19:24:45" hostname="Abhisheks-MacBook-Air.local" time="0.029">
  <properties/>
  <testcase name="testAWord()" classname="ReverseStringTest" time="0.025"/>
  <testcase name="testAnEmptyString()" classname="ReverseStringTest" time="0.0"/>
  <testcase name="testACapitalizedWord()" classname="ReverseStringTest" time="0.0"/>
  <testcase name="testASentenceWithPunctuation()" classname="ReverseStringTest" time="0.0"/>
  <testcase name="testAPalindrome()" classname="ReverseStringTest" time="0.001"/>
  <testcase name="testAnEvenSizedWord()" classname="ReverseStringTest" time="0.0"/>
  <system-out><![CDATA[]]></system-out>
  <system-err><![CDATA[]]></system-err>
</testsuite>
