<?xml version="1.0" encoding="UTF-8"?>
<testsuite name="ResistorColorDuoTest" tests="7" skipped="0" failures="0" errors="0" timestamp="2024-03-04T09:23:07" hostname="Abhisheks-MacBook-Air.local" time="0.03">
  <properties/>
  <testcase name="testWhiteAndRed()" classname="ResistorColorDuoTest" time="0.024"/>
  <testcase name="testBlackAndBrownOneDigit()" classname="ResistorColorDuoTest" time="0.001"/>
  <testcase name="testBrownAndBlack()" classname="ResistorColorDuoTest" time="0.001"/>
  <testcase name="testBlueAndGrey()" classname="ResistorColorDuoTest" time="0.001"/>
  <testcase name="testOrangeAndOrange()" classname="ResistorColorDuoTest" time="0.0"/>
  <testcase name="testYellowAndViolet()" classname="ResistorColorDuoTest" time="0.0"/>
  <testcase name="testIgnoreAdditionalColors()" classname="ResistorColorDuoTest" time="0.0"/>
  <system-out><![CDATA[]]></system-out>
  <system-err><![CDATA[]]></system-err>
</testsuite>
