<?xml version="1.0" encoding="UTF-8"?>
<testsuite name="EliudsEggsTest" tests="4" skipped="0" failures="0" errors="0" timestamp="2024-06-21T12:50:31" hostname="Abhisheks-MacBook-Air.local" time="0.027">
  <properties/>
  <testcase name="0 eggs" classname="EliudsEggsTest" time="0.025"/>
  <testcase name="4 eggs" classname="EliudsEggsTest" time="0.001"/>
  <testcase name="1 egg" classname="EliudsEggsTest" time="0.0"/>
  <testcase name="13 eggs" classname="EliudsEggsTest" time="0.0"/>
  <system-out><![CDATA[]]></system-out>
  <system-err><![CDATA[]]></system-err>
</testsuite>
