<?xml version="1.0" encoding="UTF-8"?>
<testsuite name="ResistorColorTrioTest" tests="10" skipped="0" failures="0" errors="0" timestamp="2024-03-04T16:10:41" hostname="Abhisheks-MacBook-Air.local" time="0.036">
  <properties/>
  <testcase name="testBlueAndVioletAndBlue()" classname="ResistorColorTrioTest" time="0.029"/>
  <testcase name="testOrangeAndOrangeAndBlack()" classname="ResistorColorTrioTest" time="0.0"/>
  <testcase name="testWhiteAndWhiteAndWhite()" classname="ResistorColorTrioTest" time="0.001"/>
  <testcase name="testYellowAndVioletAndYellow()" classname="ResistorColorTrioTest" time="0.001"/>
  <testcase name="testGreenAndBrownAndOrange()" classname="ResistorColorTrioTest" time="0.0"/>
  <testcase name="testRedAndBlackAndRed()" classname="ResistorColorTrioTest" time="0.0"/>
  <testcase name="testIgnoreExtraColors()" classname="ResistorColorTrioTest" time="0.001"/>
  <testcase name="testBlackAndBlackAndBlack()" classname="ResistorColorTrioTest" time="0.0"/>
  <testcase name="testFirstTwoColorsMakeAnInvalidOctalNumber()" classname="ResistorColorTrioTest" time="0.0"/>
  <testcase name="testBlueAndGreyAndBrown()" classname="ResistorColorTrioTest" time="0.001"/>
  <system-out><![CDATA[]]></system-out>
  <system-err><![CDATA[]]></system-err>
</testsuite>
