<?xml version="1.0" encoding="UTF-8"?>
<testsuite name="ErrorHandlingTest" tests="11" skipped="0" failures="0" errors="0" timestamp="2024-06-21T15:49:03" hostname="Abhisheks-MacBook-Air.local" time="0.085">
  <properties/>
  <testcase name="testThrowIllegalArgumentExceptionWithDetailMessage()" classname="ErrorHandlingTest" time="0.056"/>
  <testcase name="testReturnOptionalInstance()" classname="ErrorHandlingTest" time="0.003"/>
  <testcase name="testThrowCustomUncheckedException()" classname="ErrorHandlingTest" time="0.002"/>
  <testcase name="testThrowCustomCheckedExceptionWithDetailMessage()" classname="ErrorHandlingTest" time="0.001"/>
  <testcase name="testThrowCustomUncheckedExceptionWithDetailMessage()" classname="ErrorHandlingTest" time="0.001"/>
  <testcase name="testThrowIllegalArgumentException()" classname="ErrorHandlingTest" time="0.001"/>
  <testcase name="testThrowAnyUncheckedException()" classname="ErrorHandlingTest" time="0.002"/>
  <testcase name="testThrowAnyCheckedExceptionWithDetailMessage()" classname="ErrorHandlingTest" time="0.001"/>
  <testcase name="testThrowAnyCheckedException()" classname="ErrorHandlingTest" time="0.001"/>
  <testcase name="testThrowAnyUncheckedExceptionWithDetailMessage()" classname="ErrorHandlingTest" time="0.001"/>
  <testcase name="testThrowCustomCheckedException()" classname="ErrorHandlingTest" time="0.003"/>
  <system-out><![CDATA[100
]]></system-out>
  <system-err><![CDATA[]]></system-err>
</testsuite>
