<?xml version="1.0" encoding="UTF-8"?>
<testsuite name="HammingTest" tests="9" skipped="0" failures="0" errors="0" timestamp="2024-02-29T20:17:15" hostname="Abhisheks-MacBook-Air.local" time="0.033">
  <properties/>
  <testcase name="testCompleteDistanceInSingleLetterDifferentStrands()" classname="HammingTest" time="0.026"/>
  <testcase name="testNoDistanceBetweenEmptyStrands()" classname="HammingTest" time="0.0"/>
  <testcase name="testNoDistanceBetweenShortIdenticalStrands()" classname="HammingTest" time="0.0"/>
  <testcase name="testDisallowLeftEmptyStrand()" classname="HammingTest" time="0.002"/>
  <testcase name="testDistanceInLongIdenticalStrands()" classname="HammingTest" time="0.001"/>
  <testcase name="testDisallowRightEmptyStrand()" classname="HammingTest" time="0.001"/>
  <testcase name="testDistanceInLongDifferentStrands()" classname="HammingTest" time="0.0"/>
  <testcase name="testValidatesFirstStrandNotLonger()" classname="HammingTest" time="0.001"/>
  <testcase name="testValidatesSecondStrandNotLonger()" classname="HammingTest" time="0.0"/>
  <system-out><![CDATA[]]></system-out>
  <system-err><![CDATA[]]></system-err>
</testsuite>
