<?xml version="1.0" encoding="UTF-8"?>
<testsuite name="NaturalNumberTest" tests="13" skipped="0" failures="0" errors="0" timestamp="2024-03-08T18:47:44" hostname="Abhisheks-MacBook-Air.local" time="0.109">
  <properties/>
  <testcase name="testThatNonNegativeIntegerIsRejected()" classname="NaturalNumberTest" time="0.026"/>
  <testcase name="testSmallAbundantNumberIsClassifiedCorrectly()" classname="NaturalNumberTest" time="0.001"/>
  <testcase name="testMediumAbundantNumberIsClassifiedCorrectly()" classname="NaturalNumberTest" time="0.001"/>
  <testcase name="testLargeAbundantNumberIsClassifiedCorrectly()" classname="NaturalNumberTest" time="0.023"/>
  <testcase name="testSmallestPrimeDeficientNumberIsClassifiedCorrectly()" classname="NaturalNumberTest" time="0.0"/>
  <testcase name="testSmallestNonPrimeDeficientNumberIsClassifiedCorrectly()" classname="NaturalNumberTest" time="0.0"/>
  <testcase name="testThatOneIsCorrectlyClassifiedAsDeficient()" classname="NaturalNumberTest" time="0.0"/>
  <testcase name="testSmallPerfectNumberIsClassifiedCorrectly()" classname="NaturalNumberTest" time="0.0"/>
  <testcase name="testThatNegativeIntegerIsRejected()" classname="NaturalNumberTest" time="0.001"/>
  <testcase name="testLargePerfectNumberIsClassifiedCorrectly()" classname="NaturalNumberTest" time="0.027"/>
  <testcase name="testLargeDeficientNumberIsClassifiedCorrectly()" classname="NaturalNumberTest" time="0.024"/>
  <testcase name="testMediumDeficientNumberIsClassifiedCorrectly()" classname="NaturalNumberTest" time="0.0"/>
  <testcase name="testMediumPerfectNumberIsClassifiedCorrectly()" classname="NaturalNumberTest" time="0.001"/>
  <system-out><![CDATA[]]></system-out>
  <system-err><![CDATA[]]></system-err>
</testsuite>
